# JRE version: OpenJDK Runtime Environment (21.0.5) (build 21.0.5+-12932927-b750.29)
# Java VM: OpenJDK 64-Bit Server VM (21.0.5+-12932927-b750.29, mixed mode, tiered, compressed oops, compressed class ptrs, g1 gc, windows-amd64)
GC Precious Log:
 CardTable entry size: 512
 Card Set container configuration: InlinePtr #cards 4 size 8 Array Of Cards #cards 32 size 80 Howl #buckets 8 coarsen threshold 7372 Howl Bitmap #cards 1024 size 144 coarsen threshold 921 Card regions per heap region 1 cards per card region 8192
 CPUs: 12 total, 12 available
 Memory: 23930M
 Large Page Support: Disabled
 NUMA Support: Disabled
 Compressed Oops: Enabled (Zero based)
 Heap Region Size: 4M
 Heap Min Capacity: 8M
 Heap Initial Capacity: 376M
 Heap Max Capacity: 5984M
 Pre-touch: Disabled
 Parallel Workers: 10
 Concurrent Workers: 3
 Concurrent Refinement Workers: 10
 Periodic GC: Disabled
Heap:
 garbage-first heap   total 221184K, used 47462K [0x000000068a000000, 0x0000000800000000)
  region size 4096K, 7 young (28672K), 1 survivors (4096K)
 Metaspace       used 48704K, committed 48896K, reserved 1114112K
  class space    used 5557K, committed 5632K, reserved 1048576K
GC Heap History (20 events):
Event: 1.348 GC heap before
{Heap before GC invocations=0 (full 0):
 garbage-first heap   total 385024K, used 20480K [0x000000068a000000, 0x0000000800000000)
  region size 4096K, 5 young (20480K), 0 survivors (0K)
 Metaspace       used 12967K, committed 13120K, reserved 1114112K
  class space    used 1159K, committed 1216K, reserved 1048576K
}
Event: 1.352 GC heap after
{Heap after GC invocations=1 (full 0):
 garbage-first heap   total 385024K, used 7038K [0x000000068a000000, 0x0000000800000000)
  region size 4096K, 1 young (4096K), 1 survivors (4096K)
 Metaspace       used 12967K, committed 13120K, reserved 1114112K
  class space    used 1159K, committed 1216K, reserved 1048576K
}
Event: 2.968 GC heap before
{Heap before GC invocations=1 (full 0):
 garbage-first heap   total 385024K, used 27518K [0x000000068a000000, 0x0000000800000000)
  region size 4096K, 7 young (28672K), 1 survivors (4096K)
 Metaspace       used 20430K, committed 20608K, reserved 1114112K
  class space    used 2081K, committed 2176K, reserved 1048576K
}
Event: 2.973 GC heap after
{Heap after GC invocations=2 (full 0):
 garbage-first heap   total 385024K, used 8535K [0x000000068a000000, 0x0000000800000000)
  region size 4096K, 1 young (4096K), 1 survivors (4096K)
 Metaspace       used 20430K, committed 20608K, reserved 1114112K
  class space    used 2081K, committed 2176K, reserved 1048576K
}
Event: 3.163 GC heap before
{Heap before GC invocations=2 (full 0):
 garbage-first heap   total 385024K, used 8535K [0x000000068a000000, 0x0000000800000000)
  region size 4096K, 2 young (8192K), 1 survivors (4096K)
 Metaspace       used 21324K, committed 21504K, reserved 1114112K
  class space    used 2174K, committed 2240K, reserved 1048576K
}
Event: 3.165 GC heap after
{Heap after GC invocations=3 (full 0):
 garbage-first heap   total 385024K, used 8537K [0x000000068a000000, 0x0000000800000000)
  region size 4096K, 1 young (4096K), 1 survivors (4096K)
 Metaspace       used 21324K, committed 21504K, reserved 1114112K
  class space    used 2174K, committed 2240K, reserved 1048576K
}
Event: 5.063 GC heap before
{Heap before GC invocations=4 (full 0):
 garbage-first heap   total 40960K, used 37209K [0x000000068a000000, 0x0000000800000000)
  region size 4096K, 8 young (32768K), 1 survivors (4096K)
 Metaspace       used 25905K, committed 26176K, reserved 1114112K
  class space    used 2751K, committed 2880K, reserved 1048576K
}
Event: 5.070 GC heap after
{Heap after GC invocations=5 (full 0):
 garbage-first heap   total 53248K, used 15548K [0x000000068a000000, 0x0000000800000000)
  region size 4096K, 3 young (12288K), 3 survivors (12288K)
 Metaspace       used 25905K, committed 26176K, reserved 1114112K
  class space    used 2751K, committed 2880K, reserved 1048576K
}
Event: 5.569 GC heap before
{Heap before GC invocations=5 (full 0):
 garbage-first heap   total 53248K, used 31932K [0x000000068a000000, 0x0000000800000000)
  region size 4096K, 7 young (28672K), 3 survivors (12288K)
 Metaspace       used 29681K, committed 29952K, reserved 1114112K
  class space    used 3197K, committed 3328K, reserved 1048576K
}
Event: 5.578 GC heap after
{Heap after GC invocations=6 (full 0):
 garbage-first heap   total 53248K, used 16779K [0x000000068a000000, 0x0000000800000000)
  region size 4096K, 1 young (4096K), 1 survivors (4096K)
 Metaspace       used 29681K, committed 29952K, reserved 1114112K
  class space    used 3197K, committed 3328K, reserved 1048576K
}
Event: 6.426 GC heap before
{Heap before GC invocations=6 (full 0):
 garbage-first heap   total 53248K, used 37259K [0x000000068a000000, 0x0000000800000000)
  region size 4096K, 6 young (24576K), 1 survivors (4096K)
 Metaspace       used 34744K, committed 35008K, reserved 1114112K
  class space    used 4177K, committed 4288K, reserved 1048576K
}
Event: 6.432 GC heap after
{Heap after GC invocations=7 (full 0):
 garbage-first heap   total 53248K, used 18897K [0x000000068a000000, 0x0000000800000000)
  region size 4096K, 1 young (4096K), 1 survivors (4096K)
 Metaspace       used 34744K, committed 35008K, reserved 1114112K
  class space    used 4177K, committed 4288K, reserved 1048576K
}
Event: 6.610 GC heap before
{Heap before GC invocations=7 (full 0):
 garbage-first heap   total 53248K, used 18897K [0x000000068a000000, 0x0000000800000000)
  region size 4096K, 3 young (12288K), 1 survivors (4096K)
 Metaspace       used 35877K, committed 36096K, reserved 1114112K
  class space    used 4279K, committed 4352K, reserved 1048576K
}
Event: 6.615 GC heap after
{Heap after GC invocations=8 (full 0):
 garbage-first heap   total 53248K, used 19311K [0x000000068a000000, 0x0000000800000000)
  region size 4096K, 1 young (4096K), 1 survivors (4096K)
 Metaspace       used 35877K, committed 36096K, reserved 1114112K
  class space    used 4279K, committed 4352K, reserved 1048576K
}
Event: 7.792 GC heap before
{Heap before GC invocations=9 (full 0):
 garbage-first heap   total 53248K, used 39791K [0x000000068a000000, 0x0000000800000000)
  region size 4096K, 6 young (24576K), 1 survivors (4096K)
 Metaspace       used 41311K, committed 41536K, reserved 1114112K
  class space    used 4811K, committed 4928K, reserved 1048576K
}
Event: 7.796 GC heap after
{Heap after GC invocations=10 (full 0):
 garbage-first heap   total 53248K, used 20599K [0x000000068a000000, 0x0000000800000000)
  region size 4096K, 1 young (4096K), 1 survivors (4096K)
 Metaspace       used 41311K, committed 41536K, reserved 1114112K
  class space    used 4811K, committed 4928K, reserved 1048576K
}
Event: 8.668 GC heap before
{Heap before GC invocations=10 (full 0):
 garbage-first heap   total 53248K, used 41079K [0x000000068a000000, 0x0000000800000000)
  region size 4096K, 6 young (24576K), 1 survivors (4096K)
 Metaspace       used 46050K, committed 46272K, reserved 1114112K
  class space    used 5307K, committed 5376K, reserved 1048576K
}
Event: 8.679 GC heap after
{Heap after GC invocations=11 (full 0):
 garbage-first heap   total 53248K, used 21538K [0x000000068a000000, 0x0000000800000000)
  region size 4096K, 1 young (4096K), 1 survivors (4096K)
 Metaspace       used 46050K, committed 46272K, reserved 1114112K
  class space    used 5307K, committed 5376K, reserved 1048576K
}
Event: 9.348 GC heap before
{Heap before GC invocations=11 (full 0):
 garbage-first heap   total 53248K, used 37922K [0x000000068a000000, 0x0000000800000000)
  region size 4096K, 6 young (24576K), 1 survivors (4096K)
 Metaspace       used 48166K, committed 48448K, reserved 1114112K
  class space    used 5520K, committed 5632K, reserved 1048576K
}
Event: 9.483 GC heap after
{Heap after GC invocations=12 (full 0):
 garbage-first heap   total 221184K, used 26982K [0x000000068a000000, 0x0000000800000000)
  region size 4096K, 1 young (4096K), 1 survivors (4096K)
 Metaspace       used 48166K, committed 48448K, reserved 1114112K
  class space    used 5520K, committed 5632K, reserved 1048576K
}

